#-----------------------------------------------------------
# Vivado v2018.1 (64-bit)
# SW Build 2188600 on Wed Apr  4 18:40:38 MDT 2018
# IP Build 2185939 on Wed Apr  4 20:55:05 MDT 2018
# Start of session at: Tue Jun 23 10:34:17 2020
# Process ID: 1264
# Current directory: D:/学习/高计体实验/RiscV-Pipeline-BranchPrediction-DynamicScheduling-CPU/cpu
# Command line: vivado.exe -gui_launcher_event rodinguilauncherevent10744 D:\学习\高计体实验\RiscV-Pipeline-BranchPrediction-DynamicScheduling-CPU\cpu\cpu.xpr
# Log file: D:/学习/高计体实验/RiscV-Pipeline-BranchPrediction-DynamicScheduling-CPU/cpu/vivado.log
# Journal file: D:/学习/高计体实验/RiscV-Pipeline-BranchPrediction-DynamicScheduling-CPU/cpu\vivado.jou
#-----------------------------------------------------------
start_gui
open_project D:/学习/高计体实验/RiscV-Pipeline-BranchPrediction-DynamicScheduling-CPU/cpu/cpu.xpr
Scanning sources...
Finished scanning sources
INFO: [IP_Flow 19-234] Refreshing IP repositories
INFO: [IP_Flow 19-1704] No user IP repositories specified
INFO: [IP_Flow 19-2313] Loaded Vivado IP repository 'D:/Software/Vivado/Vivado/2018.1/data/ip'.
open_project: Time (s): cpu = 00:00:12 ; elapsed = 00:00:06 . Memory (MB): peak = 863.066 ; gain = 122.980
update_compile_order -fileset sources_1
