#-----------------------------------------------------------
# Vivado v2018.1 (64-bit)
# SW Build 2188600 on Wed Apr  4 18:40:38 MDT 2018
# IP Build 2185939 on Wed Apr  4 20:55:05 MDT 2018
# Start of session at: Tue Jun 23 18:29:34 2020
# Process ID: 2120
# Current directory: D:/学习/高计体实验/RiscV-Pipeline-BranchPrediction-DynamicScheduling-CPU/cpu
# Command line: vivado.exe -gui_launcher_event rodinguilauncherevent13400 D:\学习\高计体实验\RiscV-Pipeline-BranchPrediction-DynamicScheduling-CPU\cpu\cpu.xpr
# Log file: D:/学习/高计体实验/RiscV-Pipeline-BranchPrediction-DynamicScheduling-CPU/cpu/vivado.log
# Journal file: D:/学习/高计体实验/RiscV-Pipeline-BranchPrediction-DynamicScheduling-CPU/cpu\vivado.jou
#-----------------------------------------------------------
start_gui
open_project D:/学习/高计体实验/RiscV-Pipeline-BranchPrediction-DynamicScheduling-CPU/cpu/cpu.xpr
Scanning sources...
Finished scanning sources
INFO: [IP_Flow 19-234] Refreshing IP repositories
INFO: [IP_Flow 19-1704] No user IP repositories specified
INFO: [IP_Flow 19-2313] Loaded Vivado IP repository 'D:/Software/Vivado/Vivado/2018.1/data/ip'.
open_project: Time (s): cpu = 00:00:11 ; elapsed = 00:00:07 . Memory (MB): peak = 866.496 ; gain = 105.238
synth_design -rtl -name rtl_1
Command: synth_design -rtl -name rtl_1
Starting synth_design
Using part: xc7vx485tffg1157-1
Top: TOP
---------------------------------------------------------------------------------
Starting RTL Elaboration : Time (s): cpu = 00:00:09 ; elapsed = 00:00:07 . Memory (MB): peak = 971.320 ; gain = 74.199
---------------------------------------------------------------------------------
INFO: [Synth 8-6157] synthesizing module 'TOP' [D:/学习/高计体实验/RiscV-Pipeline-BranchPrediction-DynamicScheduling-CPU/cpu/cpu.srcs/sources_1/new/TOP.v:14]
WARNING: [Synth 8-4446] all outputs are unconnected for this instance and logic may be removed [D:/学习/高计体实验/RiscV-Pipeline-BranchPrediction-DynamicScheduling-CPU/cpu/cpu.srcs/sources_1/new/TOP.v:51]
INFO: [Synth 8-6157] synthesizing module 'IF' [D:/学习/高计体实验/RiscV-Pipeline-BranchPrediction-DynamicScheduling-CPU/cpu/cpu.srcs/sources_1/new/IF.v:13]
INFO: [Synth 8-6157] synthesizing module 'PC' [D:/学习/高计体实验/RiscV-Pipeline-BranchPrediction-DynamicScheduling-CPU/cpu/cpu.srcs/sources_1/new/PC.v:13]
INFO: [Synth 8-6155] done synthesizing module 'PC' (1#1) [D:/学习/高计体实验/RiscV-Pipeline-BranchPrediction-DynamicScheduling-CPU/cpu/cpu.srcs/sources_1/new/PC.v:13]
INFO: [Synth 8-6157] synthesizing module 'InsMem' [D:/学习/高计体实验/RiscV-Pipeline-BranchPrediction-DynamicScheduling-CPU/cpu/cpu.srcs/sources_1/new/InsMem.v:13]
CRITICAL WARNING: [Synth 8-4445] could not open $readmem data file 'test_file/ins_input.txt'; please make sure the file is added to project and has read permission, ignoring [D:/学习/高计体实验/RiscV-Pipeline-BranchPrediction-DynamicScheduling-CPU/cpu/cpu.srcs/sources_1/new/InsMem.v:23]

Warning: Trying to implement RAM in registers. Block RAM or DRAM implementation is not possible for one or more of the following reasons :
	1: Unable to determine number of words or word size in RAM. 
	2: No valid read/write found for RAM. 
RAM dissolved into registers
WARNING: [Synth 8-3848] Net ins_mem in module/entity InsMem does not have driver. [D:/学习/高计体实验/RiscV-Pipeline-BranchPrediction-DynamicScheduling-CPU/cpu/cpu.srcs/sources_1/new/InsMem.v:19]
WARNING: [Synth 8-3848] Net ins_mem in module/entity InsMem does not have driver. [D:/学习/高计体实验/RiscV-Pipeline-BranchPrediction-DynamicScheduling-CPU/cpu/cpu.srcs/sources_1/new/InsMem.v:19]
WARNING: [Synth 8-3848] Net ins_mem in module/entity InsMem does not have driver. [D:/学习/高计体实验/RiscV-Pipeline-BranchPrediction-DynamicScheduling-CPU/cpu/cpu.srcs/sources_1/new/InsMem.v:19]
WARNING: [Synth 8-3848] Net ins_mem in module/entity InsMem does not have driver. [D:/学习/高计体实验/RiscV-Pipeline-BranchPrediction-DynamicScheduling-CPU/cpu/cpu.srcs/sources_1/new/InsMem.v:19]
WARNING: [Synth 8-3848] Net ins_mem in module/entity InsMem does not have driver. [D:/学习/高计体实验/RiscV-Pipeline-BranchPrediction-DynamicScheduling-CPU/cpu/cpu.srcs/sources_1/new/InsMem.v:19]
WARNING: [Synth 8-3848] Net ins_mem in module/entity InsMem does not have driver. [D:/学习/高计体实验/RiscV-Pipeline-BranchPrediction-DynamicScheduling-CPU/cpu/cpu.srcs/sources_1/new/InsMem.v:19]
WARNING: [Synth 8-3848] Net ins_mem in module/entity InsMem does not have driver. [D:/学习/高计体实验/RiscV-Pipeline-BranchPrediction-DynamicScheduling-CPU/cpu/cpu.srcs/sources_1/new/InsMem.v:19]
WARNING: [Synth 8-3848] Net ins_mem in module/entity InsMem does not have driver. [D:/学习/高计体实验/RiscV-Pipeline-BranchPrediction-DynamicScheduling-CPU/cpu/cpu.srcs/sources_1/new/InsMem.v:19]
WARNING: [Synth 8-3848] Net ins_mem in module/entity InsMem does not have driver. [D:/学习/高计体实验/RiscV-Pipeline-BranchPrediction-DynamicScheduling-CPU/cpu/cpu.srcs/sources_1/new/InsMem.v:19]
WARNING: [Synth 8-3848] Net ins_mem in module/entity InsMem does not have driver. [D:/学习/高计体实验/RiscV-Pipeline-BranchPrediction-DynamicScheduling-CPU/cpu/cpu.srcs/sources_1/new/InsMem.v:19]
WARNING: [Synth 8-3848] Net ins_mem in module/entity InsMem does not have driver. [D:/学习/高计体实验/RiscV-Pipeline-BranchPrediction-DynamicScheduling-CPU/cpu/cpu.srcs/sources_1/new/InsMem.v:19]
WARNING: [Synth 8-3848] Net ins_mem in module/entity InsMem does not have driver. [D:/学习/高计体实验/RiscV-Pipeline-BranchPrediction-DynamicScheduling-CPU/cpu/cpu.srcs/sources_1/new/InsMem.v:19]
WARNING: [Synth 8-3848] Net ins_mem in module/entity InsMem does not have driver. [D:/学习/高计体实验/RiscV-Pipeline-BranchPrediction-DynamicScheduling-CPU/cpu/cpu.srcs/sources_1/new/InsMem.v:19]
WARNING: [Synth 8-3848] Net ins_mem in module/entity InsMem does not have driver. [D:/学习/高计体实验/RiscV-Pipeline-BranchPrediction-DynamicScheduling-CPU/cpu/cpu.srcs/sources_1/new/InsMem.v:19]
WARNING: [Synth 8-3848] Net ins_mem in module/entity InsMem does not have driver. [D:/学习/高计体实验/RiscV-Pipeline-BranchPrediction-DynamicScheduling-CPU/cpu/cpu.srcs/sources_1/new/InsMem.v:19]
WARNING: [Synth 8-3848] Net ins_mem in module/entity InsMem does not have driver. [D:/学习/高计体实验/RiscV-Pipeline-BranchPrediction-DynamicScheduling-CPU/cpu/cpu.srcs/sources_1/new/InsMem.v:19]
WARNING: [Synth 8-3848] Net ins_mem in module/entity InsMem does not have driver. [D:/学习/高计体实验/RiscV-Pipeline-BranchPrediction-DynamicScheduling-CPU/cpu/cpu.srcs/sources_1/new/InsMem.v:19]
WARNING: [Synth 8-3848] Net ins_mem in module/entity InsMem does not have driver. [D:/学习/高计体实验/RiscV-Pipeline-BranchPrediction-DynamicScheduling-CPU/cpu/cpu.srcs/sources_1/new/InsMem.v:19]
WARNING: [Synth 8-3848] Net ins_mem in module/entity InsMem does not have driver. [D:/学习/高计体实验/RiscV-Pipeline-BranchPrediction-DynamicScheduling-CPU/cpu/cpu.srcs/sources_1/new/InsMem.v:19]
WARNING: [Synth 8-3848] Net ins_mem in module/entity InsMem does not have driver. [D:/学习/高计体实验/RiscV-Pipeline-BranchPrediction-DynamicScheduling-CPU/cpu/cpu.srcs/sources_1/new/InsMem.v:19]
WARNING: [Synth 8-3848] Net ins_mem in module/entity InsMem does not have driver. [D:/学习/高计体实验/RiscV-Pipeline-BranchPrediction-DynamicScheduling-CPU/cpu/cpu.srcs/sources_1/new/InsMem.v:19]
WARNING: [Synth 8-3848] Net ins_mem in module/entity InsMem does not have driver. [D:/学习/高计体实验/RiscV-Pipeline-BranchPrediction-DynamicScheduling-CPU/cpu/cpu.srcs/sources_1/new/InsMem.v:19]
WARNING: [Synth 8-3848] Net ins_mem in module/entity InsMem does not have driver. [D:/学习/高计体实验/RiscV-Pipeline-BranchPrediction-DynamicScheduling-CPU/cpu/cpu.srcs/sources_1/new/InsMem.v:19]
WARNING: [Synth 8-3848] Net ins_mem in module/entity InsMem does not have driver. [D:/学习/高计体实验/RiscV-Pipeline-BranchPrediction-DynamicScheduling-CPU/cpu/cpu.srcs/sources_1/new/InsMem.v:19]
WARNING: [Synth 8-3848] Net ins_mem in module/entity InsMem does not have driver. [D:/学习/高计体实验/RiscV-Pipeline-BranchPrediction-DynamicScheduling-CPU/cpu/cpu.srcs/sources_1/new/InsMem.v:19]
WARNING: [Synth 8-3848] Net ins_mem in module/entity InsMem does not have driver. [D:/学习/高计体实验/RiscV-Pipeline-BranchPrediction-DynamicScheduling-CPU/cpu/cpu.srcs/sources_1/new/InsMem.v:19]
WARNING: [Synth 8-3848] Net ins_mem in module/entity InsMem does not have driver. [D:/学习/高计体实验/RiscV-Pipeline-BranchPrediction-DynamicScheduling-CPU/cpu/cpu.srcs/sources_1/new/InsMem.v:19]
WARNING: [Synth 8-3848] Net ins_mem in module/entity InsMem does not have driver. [D:/学习/高计体实验/RiscV-Pipeline-BranchPrediction-DynamicScheduling-CPU/cpu/cpu.srcs/sources_1/new/InsMem.v:19]
WARNING: [Synth 8-3848] Net ins_mem in module/entity InsMem does not have driver. [D:/学习/高计体实验/RiscV-Pipeline-BranchPrediction-DynamicScheduling-CPU/cpu/cpu.srcs/sources_1/new/InsMem.v:19]
WARNING: [Synth 8-3848] Net ins_mem in module/entity InsMem does not have driver. [D:/学习/高计体实验/RiscV-Pipeline-BranchPrediction-DynamicScheduling-CPU/cpu/cpu.srcs/sources_1/new/InsMem.v:19]
WARNING: [Synth 8-3848] Net ins_mem in module/entity InsMem does not have driver. [D:/学习/高计体实验/RiscV-Pipeline-BranchPrediction-DynamicScheduling-CPU/cpu/cpu.srcs/sources_1/new/InsMem.v:19]
WARNING: [Synth 8-3848] Net ins_mem in module/entity InsMem does not have driver. [D:/学习/高计体实验/RiscV-Pipeline-BranchPrediction-DynamicScheduling-CPU/cpu/cpu.srcs/sources_1/new/InsMem.v:19]
WARNING: [Synth 8-3848] Net ins_mem in module/entity InsMem does not have driver. [D:/学习/高计体实验/RiscV-Pipeline-BranchPrediction-DynamicScheduling-CPU/cpu/cpu.srcs/sources_1/new/InsMem.v:19]
WARNING: [Synth 8-3848] Net ins_mem in module/entity InsMem does not have driver. [D:/学习/高计体实验/RiscV-Pipeline-BranchPrediction-DynamicScheduling-CPU/cpu/cpu.srcs/sources_1/new/InsMem.v:19]
WARNING: [Synth 8-3848] Net ins_mem in module/entity InsMem does not have driver. [D:/学习/高计体实验/RiscV-Pipeline-BranchPrediction-DynamicScheduling-CPU/cpu/cpu.srcs/sources_1/new/InsMem.v:19]
WARNING: [Synth 8-3848] Net ins_mem in module/entity InsMem does not have driver. [D:/学习/高计体实验/RiscV-Pipeline-BranchPrediction-DynamicScheduling-CPU/cpu/cpu.srcs/sources_1/new/InsMem.v:19]
WARNING: [Synth 8-3848] Net ins_mem in module/entity InsMem does not have driver. [D:/学习/高计体实验/RiscV-Pipeline-BranchPrediction-DynamicScheduling-CPU/cpu/cpu.srcs/sources_1/new/InsMem.v:19]
WARNING: [Synth 8-3848] Net ins_mem in module/entity InsMem does not have driver. [D:/学习/高计体实验/RiscV-Pipeline-BranchPrediction-DynamicScheduling-CPU/cpu/cpu.srcs/sources_1/new/InsMem.v:19]
WARNING: [Synth 8-3848] Net ins_mem in module/entity InsMem does not have driver. [D:/学习/高计体实验/RiscV-Pipeline-BranchPrediction-DynamicScheduling-CPU/cpu/cpu.srcs/sources_1/new/InsMem.v:19]
WARNING: [Synth 8-3848] Net ins_mem in module/entity InsMem does not have driver. [D:/学习/高计体实验/RiscV-Pipeline-BranchPrediction-DynamicScheduling-CPU/cpu/cpu.srcs/sources_1/new/InsMem.v:19]
WARNING: [Synth 8-3848] Net ins_mem in module/entity InsMem does not have driver. [D:/学习/高计体实验/RiscV-Pipeline-BranchPrediction-DynamicScheduling-CPU/cpu/cpu.srcs/sources_1/new/InsMem.v:19]
WARNING: [Synth 8-3848] Net ins_mem in module/entity InsMem does not have driver. [D:/学习/高计体实验/RiscV-Pipeline-BranchPrediction-DynamicScheduling-CPU/cpu/cpu.srcs/sources_1/new/InsMem.v:19]
WARNING: [Synth 8-3848] Net ins_mem in module/entity InsMem does not have driver. [D:/学习/高计体实验/RiscV-Pipeline-BranchPrediction-DynamicScheduling-CPU/cpu/cpu.srcs/sources_1/new/InsMem.v:19]
WARNING: [Synth 8-3848] Net ins_mem in module/entity InsMem does not have driver. [D:/学习/高计体实验/RiscV-Pipeline-BranchPrediction-DynamicScheduling-CPU/cpu/cpu.srcs/sources_1/new/InsMem.v:19]
WARNING: [Synth 8-3848] Net ins_mem in module/entity InsMem does not have driver. [D:/学习/高计体实验/RiscV-Pipeline-BranchPrediction-DynamicScheduling-CPU/cpu/cpu.srcs/sources_1/new/InsMem.v:19]
WARNING: [Synth 8-3848] Net ins_mem in module/entity InsMem does not have driver. [D:/学习/高计体实验/RiscV-Pipeline-BranchPrediction-DynamicScheduling-CPU/cpu/cpu.srcs/sources_1/new/InsMem.v:19]
WARNING: [Synth 8-3848] Net ins_mem in module/entity InsMem does not have driver. [D:/学习/高计体实验/RiscV-Pipeline-BranchPrediction-DynamicScheduling-CPU/cpu/cpu.srcs/sources_1/new/InsMem.v:19]
WARNING: [Synth 8-3848] Net ins_mem in module/entity InsMem does not have driver. [D:/学习/高计体实验/RiscV-Pipeline-BranchPrediction-DynamicScheduling-CPU/cpu/cpu.srcs/sources_1/new/InsMem.v:19]
WARNING: [Synth 8-3848] Net ins_mem in module/entity InsMem does not have driver. [D:/学习/高计体实验/RiscV-Pipeline-BranchPrediction-DynamicScheduling-CPU/cpu/cpu.srcs/sources_1/new/InsMem.v:19]
WARNING: [Synth 8-3848] Net ins_mem in module/entity InsMem does not have driver. [D:/学习/高计体实验/RiscV-Pipeline-BranchPrediction-DynamicScheduling-CPU/cpu/cpu.srcs/sources_1/new/InsMem.v:19]
WARNING: [Synth 8-3848] Net ins_mem in module/entity InsMem does not have driver. [D:/学习/高计体实验/RiscV-Pipeline-BranchPrediction-DynamicScheduling-CPU/cpu/cpu.srcs/sources_1/new/InsMem.v:19]
WARNING: [Synth 8-3848] Net ins_mem in module/entity InsMem does not have driver. [D:/学习/高计体实验/RiscV-Pipeline-BranchPrediction-DynamicScheduling-CPU/cpu/cpu.srcs/sources_1/new/InsMem.v:19]
WARNING: [Synth 8-3848] Net ins_mem in module/entity InsMem does not have driver. [D:/学习/高计体实验/RiscV-Pipeline-BranchPrediction-DynamicScheduling-CPU/cpu/cpu.srcs/sources_1/new/InsMem.v:19]
WARNING: [Synth 8-3848] Net ins_mem in module/entity InsMem does not have driver. [D:/学习/高计体实验/RiscV-Pipeline-BranchPrediction-DynamicScheduling-CPU/cpu/cpu.srcs/sources_1/new/InsMem.v:19]
WARNING: [Synth 8-3848] Net ins_mem in module/entity InsMem does not have driver. [D:/学习/高计体实验/RiscV-Pipeline-BranchPrediction-DynamicScheduling-CPU/cpu/cpu.srcs/sources_1/new/InsMem.v:19]
WARNING: [Synth 8-3848] Net ins_mem in module/entity InsMem does not have driver. [D:/学习/高计体实验/RiscV-Pipeline-BranchPrediction-DynamicScheduling-CPU/cpu/cpu.srcs/sources_1/new/InsMem.v:19]
WARNING: [Synth 8-3848] Net ins_mem in module/entity InsMem does not have driver. [D:/学习/高计体实验/RiscV-Pipeline-BranchPrediction-DynamicScheduling-CPU/cpu/cpu.srcs/sources_1/new/InsMem.v:19]
WARNING: [Synth 8-3848] Net ins_mem in module/entity InsMem does not have driver. [D:/学习/高计体实验/RiscV-Pipeline-BranchPrediction-DynamicScheduling-CPU/cpu/cpu.srcs/sources_1/new/InsMem.v:19]
WARNING: [Synth 8-3848] Net ins_mem in module/entity InsMem does not have driver. [D:/学习/高计体实验/RiscV-Pipeline-BranchPrediction-DynamicScheduling-CPU/cpu/cpu.srcs/sources_1/new/InsMem.v:19]
WARNING: [Synth 8-3848] Net ins_mem in module/entity InsMem does not have driver. [D:/学习/高计体实验/RiscV-Pipeline-BranchPrediction-DynamicScheduling-CPU/cpu/cpu.srcs/sources_1/new/InsMem.v:19]
WARNING: [Synth 8-3848] Net ins_mem in module/entity InsMem does not have driver. [D:/学习/高计体实验/RiscV-Pipeline-BranchPrediction-DynamicScheduling-CPU/cpu/cpu.srcs/sources_1/new/InsMem.v:19]
WARNING: [Synth 8-3848] Net ins_mem in module/entity InsMem does not have driver. [D:/学习/高计体实验/RiscV-Pipeline-BranchPrediction-DynamicScheduling-CPU/cpu/cpu.srcs/sources_1/new/InsMem.v:19]
WARNING: [Synth 8-3848] Net ins_mem in module/entity InsMem does not have driver. [D:/学习/高计体实验/RiscV-Pipeline-BranchPrediction-DynamicScheduling-CPU/cpu/cpu.srcs/sources_1/new/InsMem.v:19]
WARNING: [Synth 8-3848] Net ins_mem in module/entity InsMem does not have driver. [D:/学习/高计体实验/RiscV-Pipeline-BranchPrediction-DynamicScheduling-CPU/cpu/cpu.srcs/sources_1/new/InsMem.v:19]
WARNING: [Synth 8-3848] Net ins_mem in module/entity InsMem does not have driver. [D:/学习/高计体实验/RiscV-Pipeline-BranchPrediction-DynamicScheduling-CPU/cpu/cpu.srcs/sources_1/new/InsMem.v:19]
WARNING: [Synth 8-3848] Net ins_mem in module/entity InsMem does not have driver. [D:/学习/高计体实验/RiscV-Pipeline-BranchPrediction-DynamicScheduling-CPU/cpu/cpu.srcs/sources_1/new/InsMem.v:19]
WARNING: [Synth 8-3848] Net ins_mem in module/entity InsMem does not have driver. [D:/学习/高计体实验/RiscV-Pipeline-BranchPrediction-DynamicScheduling-CPU/cpu/cpu.srcs/sources_1/new/InsMem.v:19]
WARNING: [Synth 8-3848] Net ins_mem in module/entity InsMem does not have driver. [D:/学习/高计体实验/RiscV-Pipeline-BranchPrediction-DynamicScheduling-CPU/cpu/cpu.srcs/sources_1/new/InsMem.v:19]
WARNING: [Synth 8-3848] Net ins_mem in module/entity InsMem does not have driver. [D:/学习/高计体实验/RiscV-Pipeline-BranchPrediction-DynamicScheduling-CPU/cpu/cpu.srcs/sources_1/new/InsMem.v:19]
WARNING: [Synth 8-3848] Net ins_mem in module/entity InsMem does not have driver. [D:/学习/高计体实验/RiscV-Pipeline-BranchPrediction-DynamicScheduling-CPU/cpu/cpu.srcs/sources_1/new/InsMem.v:19]
WARNING: [Synth 8-3848] Net ins_mem in module/entity InsMem does not have driver. [D:/学习/高计体实验/RiscV-Pipeline-BranchPrediction-DynamicScheduling-CPU/cpu/cpu.srcs/sources_1/new/InsMem.v:19]
WARNING: [Synth 8-3848] Net ins_mem in module/entity InsMem does not have driver. [D:/学习/高计体实验/RiscV-Pipeline-BranchPrediction-DynamicScheduling-CPU/cpu/cpu.srcs/sources_1/new/InsMem.v:19]
WARNING: [Synth 8-3848] Net ins_mem in module/entity InsMem does not have driver. [D:/学习/高计体实验/RiscV-Pipeline-BranchPrediction-DynamicScheduling-CPU/cpu/cpu.srcs/sources_1/new/InsMem.v:19]
WARNING: [Synth 8-3848] Net ins_mem in module/entity InsMem does not have driver. [D:/学习/高计体实验/RiscV-Pipeline-BranchPrediction-DynamicScheduling-CPU/cpu/cpu.srcs/sources_1/new/InsMem.v:19]
WARNING: [Synth 8-3848] Net ins_mem in module/entity InsMem does not have driver. [D:/学习/高计体实验/RiscV-Pipeline-BranchPrediction-DynamicScheduling-CPU/cpu/cpu.srcs/sources_1/new/InsMem.v:19]
WARNING: [Synth 8-3848] Net ins_mem in module/entity InsMem does not have driver. [D:/学习/高计体实验/RiscV-Pipeline-BranchPrediction-DynamicScheduling-CPU/cpu/cpu.srcs/sources_1/new/InsMem.v:19]
WARNING: [Synth 8-3848] Net ins_mem in module/entity InsMem does not have driver. [D:/学习/高计体实验/RiscV-Pipeline-BranchPrediction-DynamicScheduling-CPU/cpu/cpu.srcs/sources_1/new/InsMem.v:19]
WARNING: [Synth 8-3848] Net ins_mem in module/entity InsMem does not have driver. [D:/学习/高计体实验/RiscV-Pipeline-BranchPrediction-DynamicScheduling-CPU/cpu/cpu.srcs/sources_1/new/InsMem.v:19]
WARNING: [Synth 8-3848] Net ins_mem in module/entity InsMem does not have driver. [D:/学习/高计体实验/RiscV-Pipeline-BranchPrediction-DynamicScheduling-CPU/cpu/cpu.srcs/sources_1/new/InsMem.v:19]
WARNING: [Synth 8-3848] Net ins_mem in module/entity InsMem does not have driver. [D:/学习/高计体实验/RiscV-Pipeline-BranchPrediction-DynamicScheduling-CPU/cpu/cpu.srcs/sources_1/new/InsMem.v:19]
WARNING: [Synth 8-3848] Net ins_mem in module/entity InsMem does not have driver. [D:/学习/高计体实验/RiscV-Pipeline-BranchPrediction-DynamicScheduling-CPU/cpu/cpu.srcs/sources_1/new/InsMem.v:19]
WARNING: [Synth 8-3848] Net ins_mem in module/entity InsMem does not have driver. [D:/学习/高计体实验/RiscV-Pipeline-BranchPrediction-DynamicScheduling-CPU/cpu/cpu.srcs/sources_1/new/InsMem.v:19]
WARNING: [Synth 8-3848] Net ins_mem in module/entity InsMem does not have driver. [D:/学习/高计体实验/RiscV-Pipeline-BranchPrediction-DynamicScheduling-CPU/cpu/cpu.srcs/sources_1/new/InsMem.v:19]
WARNING: [Synth 8-3848] Net ins_mem in module/entity InsMem does not have driver. [D:/学习/高计体实验/RiscV-Pipeline-BranchPrediction-DynamicScheduling-CPU/cpu/cpu.srcs/sources_1/new/InsMem.v:19]
WARNING: [Synth 8-3848] Net ins_mem in module/entity InsMem does not have driver. [D:/学习/高计体实验/RiscV-Pipeline-BranchPrediction-DynamicScheduling-CPU/cpu/cpu.srcs/sources_1/new/InsMem.v:19]
WARNING: [Synth 8-3848] Net ins_mem in module/entity InsMem does not have driver. [D:/学习/高计体实验/RiscV-Pipeline-BranchPrediction-DynamicScheduling-CPU/cpu/cpu.srcs/sources_1/new/InsMem.v:19]
WARNING: [Synth 8-3848] Net ins_mem in module/entity InsMem does not have driver. [D:/学习/高计体实验/RiscV-Pipeline-BranchPrediction-DynamicScheduling-CPU/cpu/cpu.srcs/sources_1/new/InsMem.v:19]
WARNING: [Synth 8-3848] Net ins_mem in module/entity InsMem does not have driver. [D:/学习/高计体实验/RiscV-Pipeline-BranchPrediction-DynamicScheduling-CPU/cpu/cpu.srcs/sources_1/new/InsMem.v:19]
WARNING: [Synth 8-3848] Net ins_mem in module/entity InsMem does not have driver. [D:/学习/高计体实验/RiscV-Pipeline-BranchPrediction-DynamicScheduling-CPU/cpu/cpu.srcs/sources_1/new/InsMem.v:19]
WARNING: [Synth 8-3848] Net ins_mem in module/entity InsMem does not have driver. [D:/学习/高计体实验/RiscV-Pipeline-BranchPrediction-DynamicScheduling-CPU/cpu/cpu.srcs/sources_1/new/InsMem.v:19]
WARNING: [Synth 8-3848] Net ins_mem in module/entity InsMem does not have driver. [D:/学习/高计体实验/RiscV-Pipeline-BranchPrediction-DynamicScheduling-CPU/cpu/cpu.srcs/sources_1/new/InsMem.v:19]
WARNING: [Synth 8-3848] Net ins_mem in module/entity InsMem does not have driver. [D:/学习/高计体实验/RiscV-Pipeline-BranchPrediction-DynamicScheduling-CPU/cpu/cpu.srcs/sources_1/new/InsMem.v:19]
WARNING: [Synth 8-3848] Net ins_mem in module/entity InsMem does not have driver. [D:/学习/高计体实验/RiscV-Pipeline-BranchPrediction-DynamicScheduling-CPU/cpu/cpu.srcs/sources_1/new/InsMem.v:19]
WARNING: [Synth 8-3848] Net ins_mem in module/entity InsMem does not have driver. [D:/学习/高计体实验/RiscV-Pipeline-BranchPrediction-DynamicScheduling-CPU/cpu/cpu.srcs/sources_1/new/InsMem.v:19]
WARNING: [Synth 8-3848] Net ins_mem in module/entity InsMem does not have driver. [D:/学习/高计体实验/RiscV-Pipeline-BranchPrediction-DynamicScheduling-CPU/cpu/cpu.srcs/sources_1/new/InsMem.v:19]
WARNING: [Synth 8-3848] Net ins_mem in module/entity InsMem does not have driver. [D:/学习/高计体实验/RiscV-Pipeline-BranchPrediction-DynamicScheduling-CPU/cpu/cpu.srcs/sources_1/new/InsMem.v:19]
WARNING: [Synth 8-3848] Net ins_mem in module/entity InsMem does not have driver. [D:/学习/高计体实验/RiscV-Pipeline-BranchPrediction-DynamicScheduling-CPU/cpu/cpu.srcs/sources_1/new/InsMem.v:19]
WARNING: [Synth 8-3848] Net ins_mem in module/entity InsMem does not have driver. [D:/学习/高计体实验/RiscV-Pipeline-BranchPrediction-DynamicScheduling-CPU/cpu/cpu.srcs/sources_1/new/InsMem.v:19]
WARNING: [Synth 8-3848] Net ins_mem in module/entity InsMem does not have driver. [D:/学习/高计体实验/RiscV-Pipeline-BranchPrediction-DynamicScheduling-CPU/cpu/cpu.srcs/sources_1/new/InsMem.v:19]
WARNING: [Synth 8-3848] Net ins_mem in module/entity InsMem does not have driver. [D:/学习/高计体实验/RiscV-Pipeline-BranchPrediction-DynamicScheduling-CPU/cpu/cpu.srcs/sources_1/new/InsMem.v:19]
INFO: [Common 17-14] Message 'Synth 8-3848' appears 100 times and further instances of the messages will be disabled. Use the Tcl command set_msg_config to change the current settings.
INFO: [Synth 8-6155] done synthesizing module 'InsMem' (2#1) [D:/学习/高计体实验/RiscV-Pipeline-BranchPrediction-DynamicScheduling-CPU/cpu/cpu.srcs/sources_1/new/InsMem.v:13]
WARNING: [Synth 8-689] width (32) of port connection 'pc' does not match port width (1) of module 'InsMem' [D:/学习/高计体实验/RiscV-Pipeline-BranchPrediction-DynamicScheduling-CPU/cpu/cpu.srcs/sources_1/new/IF.v:42]
WARNING: [Synth 8-689] width (32) of port connection 'ins' does not match port width (1) of module 'InsMem' [D:/学习/高计体实验/RiscV-Pipeline-BranchPrediction-DynamicScheduling-CPU/cpu/cpu.srcs/sources_1/new/IF.v:43]
INFO: [Synth 8-6157] synthesizing module 'IF_PipReg' [D:/学习/高计体实验/RiscV-Pipeline-BranchPrediction-DynamicScheduling-CPU/cpu/cpu.srcs/sources_1/new/IF_PipReg.v:12]
INFO: [Synth 8-6155] done synthesizing module 'IF_PipReg' (3#1) [D:/学习/高计体实验/RiscV-Pipeline-BranchPrediction-DynamicScheduling-CPU/cpu/cpu.srcs/sources_1/new/IF_PipReg.v:12]
WARNING: [Synth 8-689] width (1) of port connection 'IF_pip_reg' does not match port width (32) of module 'IF_PipReg' [D:/学习/高计体实验/RiscV-Pipeline-BranchPrediction-DynamicScheduling-CPU/cpu/cpu.srcs/sources_1/new/IF.v:53]
INFO: [Synth 8-6155] done synthesizing module 'IF' (4#1) [D:/学习/高计体实验/RiscV-Pipeline-BranchPrediction-DynamicScheduling-CPU/cpu/cpu.srcs/sources_1/new/IF.v:13]
WARNING: [Synth 8-350] instance 'IF' of module 'IF' requires 8 connections, but only 7 given [D:/学习/高计体实验/RiscV-Pipeline-BranchPrediction-DynamicScheduling-CPU/cpu/cpu.srcs/sources_1/new/TOP.v:51]
INFO: [Synth 8-6155] done synthesizing module 'TOP' (5#1) [D:/学习/高计体实验/RiscV-Pipeline-BranchPrediction-DynamicScheduling-CPU/cpu/cpu.srcs/sources_1/new/TOP.v:14]
WARNING: [Synth 8-3331] design InsMem has unconnected port clk
