#-----------------------------------------------------------
# Vivado v2018.1 (64-bit)
# SW Build 2188600 on Wed Apr  4 18:40:38 MDT 2018
# IP Build 2185939 on Wed Apr  4 20:55:05 MDT 2018
# Start of session at: Tue Jun 23 14:39:47 2020
# Process ID: 9036
# Current directory: D:/学习/高计体实验/RiscV-Pipeline-BranchPrediction-DynamicScheduling-CPU/cpu
# Command line: vivado.exe -gui_launcher_event rodinguilauncherevent2440 D:\学习\高计体实验\RiscV-Pipeline-BranchPrediction-DynamicScheduling-CPU\cpu\cpu.xpr
# Log file: D:/学习/高计体实验/RiscV-Pipeline-BranchPrediction-DynamicScheduling-CPU/cpu/vivado.log
# Journal file: D:/学习/高计体实验/RiscV-Pipeline-BranchPrediction-DynamicScheduling-CPU/cpu\vivado.jou
#-----------------------------------------------------------
start_gui
open_project D:/学习/高计体实验/RiscV-Pipeline-BranchPrediction-DynamicScheduling-CPU/cpu/cpu.xpr
INFO: [Project 1-313] Project file moved from 'D:/RiscV-Pipeline-BranchPrediction-DynamicScheduling-CPU/cpu' since last save.
Scanning sources...
Finished scanning sources
INFO: [IP_Flow 19-234] Refreshing IP repositories
INFO: [IP_Flow 19-1704] No user IP repositories specified
INFO: [IP_Flow 19-2313] Loaded Vivado IP repository 'D:/Software/Vivado/Vivado/2018.1/data/ip'.
open_project: Time (s): cpu = 00:00:12 ; elapsed = 00:00:07 . Memory (MB): peak = 869.723 ; gain = 114.789
file mkdir D:/学习/高计体实验/RiscV-Pipeline-BranchPrediction-DynamicScheduling-CPU/cpu/cpu.srcs/sources_1/new
close [ open D:/学习/高计体实验/RiscV-Pipeline-BranchPrediction-DynamicScheduling-CPU/cpu/cpu.srcs/sources_1/new/readIns.v w ]
add_files D:/学习/高计体实验/RiscV-Pipeline-BranchPrediction-DynamicScheduling-CPU/cpu/cpu.srcs/sources_1/new/readIns.v
update_compile_order -fileset sources_1
set_property is_enabled false [get_files  D:/学习/高计体实验/RiscV-Pipeline-BranchPrediction-DynamicScheduling-CPU/cpu/cpu.srcs/sources_1/new/readIns.v]
set_property is_enabled true [get_files  D:/学习/高计体实验/RiscV-Pipeline-BranchPrediction-DynamicScheduling-CPU/cpu/cpu.srcs/sources_1/new/readIns.v]
update_files -from_files D:/学习/高计体实验/RiscV-Pipeline-BranchPrediction-DynamicScheduling-CPU/cpu/cpu.srcs/sources_1/new/ReadIns.v -to_files D:/学习/高计体实验/RiscV-Pipeline-BranchPrediction-DynamicScheduling-CPU/cpu/cpu.srcs/sources_1/new/readIns.v -filesets [get_filesets *]
ERROR: [Vivado 12-3481] Cannot replace a file with itself: 'D:/学习/高计体实验/RiscV-Pipeline-BranchPrediction-DynamicScheduling-CPU/cpu/cpu.srcs/sources_1/new/ReadIns.v'
set_property is_enabled false [get_files  D:/学习/高计体实验/RiscV-Pipeline-BranchPrediction-DynamicScheduling-CPU/cpu/cpu.srcs/sources_1/new/readIns.v]
set_property is_enabled true [get_files  D:/学习/高计体实验/RiscV-Pipeline-BranchPrediction-DynamicScheduling-CPU/cpu/cpu.srcs/sources_1/new/readIns.v]
export_ip_user_files -of_objects  [get_files D:/学习/高计体实验/RiscV-Pipeline-BranchPrediction-DynamicScheduling-CPU/cpu/cpu.srcs/sources_1/new/readIns.v] -no_script -reset -force -quiet
remove_files  D:/学习/高计体实验/RiscV-Pipeline-BranchPrediction-DynamicScheduling-CPU/cpu/cpu.srcs/sources_1/new/readIns.v
add_files -norecurse D:/学习/高计体实验/RiscV-Pipeline-BranchPrediction-DynamicScheduling-CPU/cpu/cpu.srcs/sources_1/new/ReadIns.v
WARNING: [filemgmt 56-199] Attempt to get parsing info during refresh. "On-the-fly" syntax checking information may be incorrect. [D:/学习/高计体实验/RiscV-Pipeline-BranchPrediction-DynamicScheduling-CPU/cpu/cpu.srcs/sources_1/new/readIns.v:]
WARNING: [filemgmt 56-199] Attempt to get parsing info during refresh. "On-the-fly" syntax checking information may be incorrect. [D:/学习/高计体实验/RiscV-Pipeline-BranchPrediction-DynamicScheduling-CPU/cpu/cpu.srcs/sources_1/new/ReadIns.v:]
WARNING: [filemgmt 56-199] Attempt to get parsing info during refresh. "On-the-fly" syntax checking information may be incorrect. [D:/学习/高计体实验/RiscV-Pipeline-BranchPrediction-DynamicScheduling-CPU/cpu/cpu.srcs/sources_1/new/readIns.v:]
WARNING: [filemgmt 56-199] Attempt to get parsing info during refresh. "On-the-fly" syntax checking information may be incorrect. [D:/学习/高计体实验/RiscV-Pipeline-BranchPrediction-DynamicScheduling-CPU/cpu/cpu.srcs/sources_1/new/ReadIns.v:]
WARNING: [filemgmt 56-199] Attempt to get parsing info during refresh. "On-the-fly" syntax checking information may be incorrect. [D:/学习/高计体实验/RiscV-Pipeline-BranchPrediction-DynamicScheduling-CPU/cpu/cpu.srcs/sources_1/new/readIns.v:]
WARNING: [filemgmt 56-199] Attempt to get parsing info during refresh. "On-the-fly" syntax checking information may be incorrect. [D:/学习/高计体实验/RiscV-Pipeline-BranchPrediction-DynamicScheduling-CPU/cpu/cpu.srcs/sources_1/new/ReadIns.v:]
WARNING: [filemgmt 56-199] Attempt to get parsing info during refresh. "On-the-fly" syntax checking information may be incorrect. [D:/学习/高计体实验/RiscV-Pipeline-BranchPrediction-DynamicScheduling-CPU/cpu/cpu.srcs/sources_1/new/readIns.v:]
WARNING: [filemgmt 56-199] Attempt to get parsing info during refresh. "On-the-fly" syntax checking information may be incorrect. [D:/学习/高计体实验/RiscV-Pipeline-BranchPrediction-DynamicScheduling-CPU/cpu/cpu.srcs/sources_1/new/ReadIns.v:]
WARNING: [filemgmt 56-199] Attempt to get parsing info during refresh. "On-the-fly" syntax checking information may be incorrect. [D:/学习/高计体实验/RiscV-Pipeline-BranchPrediction-DynamicScheduling-CPU/cpu/cpu.srcs/sources_1/new/readIns.v:]
WARNING: [filemgmt 56-199] Attempt to get parsing info during refresh. "On-the-fly" syntax checking information may be incorrect. [D:/学习/高计体实验/RiscV-Pipeline-BranchPrediction-DynamicScheduling-CPU/cpu/cpu.srcs/sources_1/new/ReadIns.v:]
WARNING: [filemgmt 56-199] Attempt to get parsing info during refresh. "On-the-fly" syntax checking information may be incorrect. [D:/学习/高计体实验/RiscV-Pipeline-BranchPrediction-DynamicScheduling-CPU/cpu/cpu.srcs/sources_1/new/readIns.v:]
WARNING: [filemgmt 56-199] Attempt to get parsing info during refresh. "On-the-fly" syntax checking information may be incorrect. [D:/学习/高计体实验/RiscV-Pipeline-BranchPrediction-DynamicScheduling-CPU/cpu/cpu.srcs/sources_1/new/ReadIns.v:]
WARNING: [filemgmt 56-199] Attempt to get parsing info during refresh. "On-the-fly" syntax checking information may be incorrect. [D:/学习/高计体实验/RiscV-Pipeline-BranchPrediction-DynamicScheduling-CPU/cpu/cpu.srcs/sources_1/new/readIns.v:]
WARNING: [filemgmt 56-199] Attempt to get parsing info during refresh. "On-the-fly" syntax checking information may be incorrect. [D:/学习/高计体实验/RiscV-Pipeline-BranchPrediction-DynamicScheduling-CPU/cpu/cpu.srcs/sources_1/new/ReadIns.v:]
WARNING: [filemgmt 56-199] Attempt to get parsing info during refresh. "On-the-fly" syntax checking information may be incorrect. [D:/学习/高计体实验/RiscV-Pipeline-BranchPrediction-DynamicScheduling-CPU/cpu/cpu.srcs/sources_1/new/readIns.v:]
WARNING: [filemgmt 56-199] Attempt to get parsing info during refresh. "On-the-fly" syntax checking information may be incorrect. [D:/学习/高计体实验/RiscV-Pipeline-BranchPrediction-DynamicScheduling-CPU/cpu/cpu.srcs/sources_1/new/ReadIns.v:]
WARNING: [filemgmt 56-199] Attempt to get parsing info during refresh. "On-the-fly" syntax checking information may be incorrect. [D:/学习/高计体实验/RiscV-Pipeline-BranchPrediction-DynamicScheduling-CPU/cpu/cpu.srcs/sources_1/new/readIns.v:]
WARNING: [filemgmt 56-199] Attempt to get parsing info during refresh. "On-the-fly" syntax checking information may be incorrect. [D:/学习/高计体实验/RiscV-Pipeline-BranchPrediction-DynamicScheduling-CPU/cpu/cpu.srcs/sources_1/new/ReadIns.v:]
WARNING: [filemgmt 56-199] Attempt to get parsing info during refresh. "On-the-fly" syntax checking information may be incorrect. [D:/学习/高计体实验/RiscV-Pipeline-BranchPrediction-DynamicScheduling-CPU/cpu/cpu.srcs/sources_1/new/readIns.v:]
WARNING: [filemgmt 56-199] Attempt to get parsing info during refresh. "On-the-fly" syntax checking information may be incorrect. [D:/学习/高计体实验/RiscV-Pipeline-BranchPrediction-DynamicScheduling-CPU/cpu/cpu.srcs/sources_1/new/ReadIns.v:]
WARNING: [filemgmt 56-199] Attempt to get parsing info during refresh. "On-the-fly" syntax checking information may be incorrect. [D:/学习/高计体实验/RiscV-Pipeline-BranchPrediction-DynamicScheduling-CPU/cpu/cpu.srcs/sources_1/new/readIns.v:]
WARNING: [filemgmt 56-199] Attempt to get parsing info during refresh. "On-the-fly" syntax checking information may be incorrect. [D:/学习/高计体实验/RiscV-Pipeline-BranchPrediction-DynamicScheduling-CPU/cpu/cpu.srcs/sources_1/new/ReadIns.v:]
WARNING: [filemgmt 56-199] Attempt to get parsing info during refresh. "On-the-fly" syntax checking information may be incorrect. [D:/学习/高计体实验/RiscV-Pipeline-BranchPrediction-DynamicScheduling-CPU/cpu/cpu.srcs/sources_1/new/readIns.v:]
WARNING: [filemgmt 56-199] Attempt to get parsing info during refresh. "On-the-fly" syntax checking information may be incorrect. [D:/学习/高计体实验/RiscV-Pipeline-BranchPrediction-DynamicScheduling-CPU/cpu/cpu.srcs/sources_1/new/ReadIns.v:]
WARNING: [filemgmt 56-199] Attempt to get parsing info during refresh. "On-the-fly" syntax checking information may be incorrect. [D:/学习/高计体实验/RiscV-Pipeline-BranchPrediction-DynamicScheduling-CPU/cpu/cpu.srcs/sources_1/new/readIns.v:]
WARNING: [filemgmt 56-199] Attempt to get parsing info during refresh. "On-the-fly" syntax checking information may be incorrect. [D:/学习/高计体实验/RiscV-Pipeline-BranchPrediction-DynamicScheduling-CPU/cpu/cpu.srcs/sources_1/new/ReadIns.v:]
WARNING: [filemgmt 56-199] Attempt to get parsing info during refresh. "On-the-fly" syntax checking information may be incorrect. [D:/学习/高计体实验/RiscV-Pipeline-BranchPrediction-DynamicScheduling-CPU/cpu/cpu.srcs/sources_1/new/readIns.v:]
WARNING: [filemgmt 56-199] Attempt to get parsing info during refresh. "On-the-fly" syntax checking information may be incorrect. [D:/学习/高计体实验/RiscV-Pipeline-BranchPrediction-DynamicScheduling-CPU/cpu/cpu.srcs/sources_1/new/ReadIns.v:]
WARNING: [filemgmt 56-199] Attempt to get parsing info during refresh. "On-the-fly" syntax checking information may be incorrect. [D:/学习/高计体实验/RiscV-Pipeline-BranchPrediction-DynamicScheduling-CPU/cpu/cpu.srcs/sources_1/new/readIns.v:]
WARNING: [filemgmt 56-199] Attempt to get parsing info during refresh. "On-the-fly" syntax checking information may be incorrect. [D:/学习/高计体实验/RiscV-Pipeline-BranchPrediction-DynamicScheduling-CPU/cpu/cpu.srcs/sources_1/new/ReadIns.v:]
WARNING: [filemgmt 56-199] Attempt to get parsing info during refresh. "On-the-fly" syntax checking information may be incorrect. [D:/学习/高计体实验/RiscV-Pipeline-BranchPrediction-DynamicScheduling-CPU/cpu/cpu.srcs/sources_1/new/readIns.v:]
WARNING: [filemgmt 56-199] Attempt to get parsing info during refresh. "On-the-fly" syntax checking information may be incorrect. [D:/学习/高计体实验/RiscV-Pipeline-BranchPrediction-DynamicScheduling-CPU/cpu/cpu.srcs/sources_1/new/ReadIns.v:]
WARNING: [filemgmt 56-199] Attempt to get parsing info during refresh. "On-the-fly" syntax checking information may be incorrect. [D:/学习/高计体实验/RiscV-Pipeline-BranchPrediction-DynamicScheduling-CPU/cpu/cpu.srcs/sources_1/new/readIns.v:]
WARNING: [filemgmt 56-199] Attempt to get parsing info during refresh. "On-the-fly" syntax checking information may be incorrect. [D:/学习/高计体实验/RiscV-Pipeline-BranchPrediction-DynamicScheduling-CPU/cpu/cpu.srcs/sources_1/new/ReadIns.v:]
WARNING: [filemgmt 56-199] Attempt to get parsing info during refresh. "On-the-fly" syntax checking information may be incorrect. [D:/学习/高计体实验/RiscV-Pipeline-BranchPrediction-DynamicScheduling-CPU/cpu/cpu.srcs/sources_1/new/readIns.v:]
WARNING: [filemgmt 56-199] Attempt to get parsing info during refresh. "On-the-fly" syntax checking information may be incorrect. [D:/学习/高计体实验/RiscV-Pipeline-BranchPrediction-DynamicScheduling-CPU/cpu/cpu.srcs/sources_1/new/ReadIns.v:]
WARNING: [filemgmt 56-199] Attempt to get parsing info during refresh. "On-the-fly" syntax checking information may be incorrect. [D:/学习/高计体实验/RiscV-Pipeline-BranchPrediction-DynamicScheduling-CPU/cpu/cpu.srcs/sources_1/new/readIns.v:]
WARNING: [filemgmt 56-199] Attempt to get parsing info during refresh. "On-the-fly" syntax checking information may be incorrect. [D:/学习/高计体实验/RiscV-Pipeline-BranchPrediction-DynamicScheduling-CPU/cpu/cpu.srcs/sources_1/new/ReadIns.v:]
WARNING: [filemgmt 56-199] Attempt to get parsing info during refresh. "On-the-fly" syntax checking information may be incorrect. [D:/学习/高计体实验/RiscV-Pipeline-BranchPrediction-DynamicScheduling-CPU/cpu/cpu.srcs/sources_1/new/readIns.v:]
WARNING: [filemgmt 56-199] Attempt to get parsing info during refresh. "On-the-fly" syntax checking information may be incorrect. [D:/学习/高计体实验/RiscV-Pipeline-BranchPrediction-DynamicScheduling-CPU/cpu/cpu.srcs/sources_1/new/ReadIns.v:]
WARNING: [filemgmt 56-199] Attempt to get parsing info during refresh. "On-the-fly" syntax checking information may be incorrect. [D:/学习/高计体实验/RiscV-Pipeline-BranchPrediction-DynamicScheduling-CPU/cpu/cpu.srcs/sources_1/new/readIns.v:]
WARNING: [filemgmt 56-199] Attempt to get parsing info during refresh. "On-the-fly" syntax checking information may be incorrect. [D:/学习/高计体实验/RiscV-Pipeline-BranchPrediction-DynamicScheduling-CPU/cpu/cpu.srcs/sources_1/new/ReadIns.v:]
WARNING: [filemgmt 56-199] Attempt to get parsing info during refresh. "On-the-fly" syntax checking information may be incorrect. [D:/学习/高计体实验/RiscV-Pipeline-BranchPrediction-DynamicScheduling-CPU/cpu/cpu.srcs/sources_1/new/readIns.v:]
WARNING: [filemgmt 56-199] Attempt to get parsing info during refresh. "On-the-fly" syntax checking information may be incorrect. [D:/学习/高计体实验/RiscV-Pipeline-BranchPrediction-DynamicScheduling-CPU/cpu/cpu.srcs/sources_1/new/ReadIns.v:]
WARNING: [filemgmt 56-199] Attempt to get parsing info during refresh. "On-the-fly" syntax checking information may be incorrect. [D:/学习/高计体实验/RiscV-Pipeline-BranchPrediction-DynamicScheduling-CPU/cpu/cpu.srcs/sources_1/new/readIns.v:]
WARNING: [filemgmt 56-199] Attempt to get parsing info during refresh. "On-the-fly" syntax checking information may be incorrect. [D:/学习/高计体实验/RiscV-Pipeline-BranchPrediction-DynamicScheduling-CPU/cpu/cpu.srcs/sources_1/new/ReadIns.v:]
WARNING: [filemgmt 56-199] Attempt to get parsing info during refresh. "On-the-fly" syntax checking information may be incorrect. [D:/学习/高计体实验/RiscV-Pipeline-BranchPrediction-DynamicScheduling-CPU/cpu/cpu.srcs/sources_1/new/readIns.v:]
WARNING: [filemgmt 56-199] Attempt to get parsing info during refresh. "On-the-fly" syntax checking information may be incorrect. [D:/学习/高计体实验/RiscV-Pipeline-BranchPrediction-DynamicScheduling-CPU/cpu/cpu.srcs/sources_1/new/ReadIns.v:]
WARNING: [filemgmt 56-199] Attempt to get parsing info during refresh. "On-the-fly" syntax checking information may be incorrect. [D:/学习/高计体实验/RiscV-Pipeline-BranchPrediction-DynamicScheduling-CPU/cpu/cpu.srcs/sources_1/new/readIns.v:]
WARNING: [filemgmt 56-199] Attempt to get parsing info during refresh. "On-the-fly" syntax checking information may be incorrect. [D:/学习/高计体实验/RiscV-Pipeline-BranchPrediction-DynamicScheduling-CPU/cpu/cpu.srcs/sources_1/new/ReadIns.v:]
WARNING: [filemgmt 56-199] Attempt to get parsing info during refresh. "On-the-fly" syntax checking information may be incorrect. [D:/学习/高计体实验/RiscV-Pipeline-BranchPrediction-DynamicScheduling-CPU/cpu/cpu.srcs/sources_1/new/readIns.v:]
WARNING: [filemgmt 56-199] Attempt to get parsing info during refresh. "On-the-fly" syntax checking information may be incorrect. [D:/学习/高计体实验/RiscV-Pipeline-BranchPrediction-DynamicScheduling-CPU/cpu/cpu.srcs/sources_1/new/ReadIns.v:]
WARNING: [filemgmt 56-199] Attempt to get parsing info during refresh. "On-the-fly" syntax checking information may be incorrect. [D:/学习/高计体实验/RiscV-Pipeline-BranchPrediction-DynamicScheduling-CPU/cpu/cpu.srcs/sources_1/new/readIns.v:]
WARNING: [filemgmt 56-199] Attempt to get parsing info during refresh. "On-the-fly" syntax checking information may be incorrect. [D:/学习/高计体实验/RiscV-Pipeline-BranchPrediction-DynamicScheduling-CPU/cpu/cpu.srcs/sources_1/new/ReadIns.v:]
ERROR: [Common 17-180] Spawn failed: Illegal byte sequence
WARNING: [filemgmt 56-199] Attempt to get parsing info during refresh. "On-the-fly" syntax checking information may be incorrect. [D:/学习/高计体实验/RiscV-Pipeline-BranchPrediction-DynamicScheduling-CPU/cpu/cpu.srcs/sources_1/new/readIns.v:]
WARNING: [filemgmt 56-199] Attempt to get parsing info during refresh. "On-the-fly" syntax checking information may be incorrect. [D:/学习/高计体实验/RiscV-Pipeline-BranchPrediction-DynamicScheduling-CPU/cpu/cpu.srcs/sources_1/new/ReadIns.v:]
ERROR: [Common 17-180] Spawn failed: Illegal byte sequence
WARNING: [filemgmt 56-199] Attempt to get parsing info during refresh. "On-the-fly" syntax checking information may be incorrect. [D:/学习/高计体实验/RiscV-Pipeline-BranchPrediction-DynamicScheduling-CPU/cpu/cpu.srcs/sources_1/new/readIns.v:]
WARNING: [filemgmt 56-199] Attempt to get parsing info during refresh. "On-the-fly" syntax checking information may be incorrect. [D:/学习/高计体实验/RiscV-Pipeline-BranchPrediction-DynamicScheduling-CPU/cpu/cpu.srcs/sources_1/new/ReadIns.v:]
WARNING: [filemgmt 56-199] Attempt to get parsing info during refresh. "On-the-fly" syntax checking information may be incorrect. [D:/学习/高计体实验/RiscV-Pipeline-BranchPrediction-DynamicScheduling-CPU/cpu/cpu.srcs/sources_1/new/readIns.v:]
WARNING: [filemgmt 56-199] Attempt to get parsing info during refresh. "On-the-fly" syntax checking information may be incorrect. [D:/学习/高计体实验/RiscV-Pipeline-BranchPrediction-DynamicScheduling-CPU/cpu/cpu.srcs/sources_1/new/ReadIns.v:]
WARNING: [filemgmt 56-199] Attempt to get parsing info during refresh. "On-the-fly" syntax checking information may be incorrect. [D:/学习/高计体实验/RiscV-Pipeline-BranchPrediction-DynamicScheduling-CPU/cpu/cpu.srcs/sources_1/new/readIns.v:]
WARNING: [filemgmt 56-199] Attempt to get parsing info during refresh. "On-the-fly" syntax checking information may be incorrect. [D:/学习/高计体实验/RiscV-Pipeline-BranchPrediction-DynamicScheduling-CPU/cpu/cpu.srcs/sources_1/new/ReadIns.v:]
ERROR: [Common 17-180] Spawn failed: Illegal byte sequence
WARNING: [filemgmt 56-199] Attempt to get parsing info during refresh. "On-the-fly" syntax checking information may be incorrect. [D:/学习/高计体实验/RiscV-Pipeline-BranchPrediction-DynamicScheduling-CPU/cpu/cpu.srcs/sources_1/new/readIns.v:]
WARNING: [filemgmt 56-199] Attempt to get parsing info during refresh. "On-the-fly" syntax checking information may be incorrect. [D:/学习/高计体实验/RiscV-Pipeline-BranchPrediction-DynamicScheduling-CPU/cpu/cpu.srcs/sources_1/new/ReadIns.v:]
ERROR: [Common 17-180] Spawn failed: Illegal byte sequence
WARNING: [filemgmt 56-199] Attempt to get parsing info during refresh. "On-the-fly" syntax checking information may be incorrect. [D:/学习/高计体实验/RiscV-Pipeline-BranchPrediction-DynamicScheduling-CPU/cpu/cpu.srcs/sources_1/new/readIns.v:]
WARNING: [filemgmt 56-199] Attempt to get parsing info during refresh. "On-the-fly" syntax checking information may be incorrect. [D:/学习/高计体实验/RiscV-Pipeline-BranchPrediction-DynamicScheduling-CPU/cpu/cpu.srcs/sources_1/new/ReadIns.v:]
ERROR: [Common 17-180] Spawn failed: Illegal byte sequence
WARNING: [filemgmt 56-199] Attempt to get parsing info during refresh. "On-the-fly" syntax checking information may be incorrect. [D:/学习/高计体实验/RiscV-Pipeline-BranchPrediction-DynamicScheduling-CPU/cpu/cpu.srcs/sources_1/new/readIns.v:]
WARNING: [filemgmt 56-199] Attempt to get parsing info during refresh. "On-the-fly" syntax checking information may be incorrect. [D:/学习/高计体实验/RiscV-Pipeline-BranchPrediction-DynamicScheduling-CPU/cpu/cpu.srcs/sources_1/new/ReadIns.v:]
ERROR: [Common 17-180] Spawn failed: Illegal byte sequence
WARNING: [filemgmt 56-199] Attempt to get parsing info during refresh. "On-the-fly" syntax checking information may be incorrect. [D:/学习/高计体实验/RiscV-Pipeline-BranchPrediction-DynamicScheduling-CPU/cpu/cpu.srcs/sources_1/new/readIns.v:]
WARNING: [filemgmt 56-199] Attempt to get parsing info during refresh. "On-the-fly" syntax checking information may be incorrect. [D:/学习/高计体实验/RiscV-Pipeline-BranchPrediction-DynamicScheduling-CPU/cpu/cpu.srcs/sources_1/new/ReadIns.v:]
WARNING: [filemgmt 56-199] Attempt to get parsing info during refresh. "On-the-fly" syntax checking information may be incorrect. [D:/学习/高计体实验/RiscV-Pipeline-BranchPrediction-DynamicScheduling-CPU/cpu/cpu.srcs/sources_1/new/readIns.v:]
WARNING: [filemgmt 56-199] Attempt to get parsing info during refresh. "On-the-fly" syntax checking information may be incorrect. [D:/学习/高计体实验/RiscV-Pipeline-BranchPrediction-DynamicScheduling-CPU/cpu/cpu.srcs/sources_1/new/ReadIns.v:]
ERROR: [Common 17-180] Spawn failed: Illegal byte sequence
WARNING: [filemgmt 56-199] Attempt to get parsing info during refresh. "On-the-fly" syntax checking information may be incorrect. [D:/学习/高计体实验/RiscV-Pipeline-BranchPrediction-DynamicScheduling-CPU/cpu/cpu.srcs/sources_1/new/readIns.v:]
WARNING: [filemgmt 56-199] Attempt to get parsing info during refresh. "On-the-fly" syntax checking information may be incorrect. [D:/学习/高计体实验/RiscV-Pipeline-BranchPrediction-DynamicScheduling-CPU/cpu/cpu.srcs/sources_1/new/ReadIns.v:]
ERROR: [Common 17-180] Spawn failed: Illegal byte sequence
WARNING: [filemgmt 56-199] Attempt to get parsing info during refresh. "On-the-fly" syntax checking information may be incorrect. [D:/学习/高计体实验/RiscV-Pipeline-BranchPrediction-DynamicScheduling-CPU/cpu/cpu.srcs/sources_1/new/readIns.v:]
WARNING: [filemgmt 56-199] Attempt to get parsing info during refresh. "On-the-fly" syntax checking information may be incorrect. [D:/学习/高计体实验/RiscV-Pipeline-BranchPrediction-DynamicScheduling-CPU/cpu/cpu.srcs/sources_1/new/ReadIns.v:]
ERROR: [Common 17-180] Spawn failed: Illegal byte sequence
WARNING: [filemgmt 56-199] Attempt to get parsing info during refresh. "On-the-fly" syntax checking information may be incorrect. [D:/学习/高计体实验/RiscV-Pipeline-BranchPrediction-DynamicScheduling-CPU/cpu/cpu.srcs/sources_1/new/readIns.v:]
WARNING: [filemgmt 56-199] Attempt to get parsing info during refresh. "On-the-fly" syntax checking information may be incorrect. [D:/学习/高计体实验/RiscV-Pipeline-BranchPrediction-DynamicScheduling-CPU/cpu/cpu.srcs/sources_1/new/ReadIns.v:]
ERROR: [Common 17-180] Spawn failed: Illegal byte sequence
WARNING: [filemgmt 56-199] Attempt to get parsing info during refresh. "On-the-fly" syntax checking information may be incorrect. [D:/学习/高计体实验/RiscV-Pipeline-BranchPrediction-DynamicScheduling-CPU/cpu/cpu.srcs/sources_1/new/readIns.v:]
WARNING: [filemgmt 56-199] Attempt to get parsing info during refresh. "On-the-fly" syntax checking information may be incorrect. [D:/学习/高计体实验/RiscV-Pipeline-BranchPrediction-DynamicScheduling-CPU/cpu/cpu.srcs/sources_1/new/ReadIns.v:]
ERROR: [Common 17-180] Spawn failed: Illegal byte sequence
WARNING: [filemgmt 56-199] Attempt to get parsing info during refresh. "On-the-fly" syntax checking information may be incorrect. [D:/学习/高计体实验/RiscV-Pipeline-BranchPrediction-DynamicScheduling-CPU/cpu/cpu.srcs/sources_1/new/readIns.v:]
WARNING: [filemgmt 56-199] Attempt to get parsing info during refresh. "On-the-fly" syntax checking information may be incorrect. [D:/学习/高计体实验/RiscV-Pipeline-BranchPrediction-DynamicScheduling-CPU/cpu/cpu.srcs/sources_1/new/ReadIns.v:]
ERROR: [Common 17-180] Spawn failed: Illegal byte sequence
WARNING: [filemgmt 56-199] Attempt to get parsing info during refresh. "On-the-fly" syntax checking information may be incorrect. [D:/学习/高计体实验/RiscV-Pipeline-BranchPrediction-DynamicScheduling-CPU/cpu/cpu.srcs/sources_1/new/readIns.v:]
WARNING: [filemgmt 56-199] Attempt to get parsing info during refresh. "On-the-fly" syntax checking information may be incorrect. [D:/学习/高计体实验/RiscV-Pipeline-BranchPrediction-DynamicScheduling-CPU/cpu/cpu.srcs/sources_1/new/ReadIns.v:]
ERROR: [Common 17-180] Spawn failed: Illegal byte sequence
WARNING: [filemgmt 56-199] Attempt to get parsing info during refresh. "On-the-fly" syntax checking information may be incorrect. [D:/学习/高计体实验/RiscV-Pipeline-BranchPrediction-DynamicScheduling-CPU/cpu/cpu.srcs/sources_1/new/readIns.v:]
WARNING: [filemgmt 56-199] Attempt to get parsing info during refresh. "On-the-fly" syntax checking information may be incorrect. [D:/学习/高计体实验/RiscV-Pipeline-BranchPrediction-DynamicScheduling-CPU/cpu/cpu.srcs/sources_1/new/ReadIns.v:]
ERROR: [Common 17-180] Spawn failed: Illegal byte sequence
launch_simulation
INFO: [Vivado 12-5682] Launching behavioral simulation in 'D:/学习/高计体实验/RiscV-Pipeline-BranchPrediction-DynamicScheduling-CPU/cpu/cpu.sim/sim_1/behav/xsim'
INFO: [SIM-utils-51] Simulation object is 'sim_1'
INFO: [SIM-utils-54] Inspecting design source files for 'ReadIns' in fileset 'sim_1'...
INFO: [USF-XSim-97] Finding global include files...
INFO: [USF-XSim-98] Fetching design files from 'sim_1'...
INFO: [USF-XSim-2] XSim::Compile design
INFO: [USF-XSim-61] Executing 'COMPILE and ANALYZE' step in 'D:/学习/高计体实验/RiscV-Pipeline-BranchPrediction-DynamicScheduling-CPU/cpu/cpu.sim/sim_1/behav/xsim'
"xvlog --incr --relax -prj ReadIns_vlog.prj"
INFO: [VRFC 10-2263] Analyzing Verilog file "D:/学习/高计体实验/RiscV-Pipeline-BranchPrediction-DynamicScheduling-CPU/cpu/cpu.srcs/sources_1/new/ReadIns.v" into library xil_defaultlib
INFO: [VRFC 10-311] analyzing module ReadIns
INFO: [VRFC 10-2263] Analyzing Verilog file "D:/学习/高计体实验/RiscV-Pipeline-BranchPrediction-DynamicScheduling-CPU/cpu/cpu.sim/sim_1/behav/xsim/glbl.v" into library xil_defaultlib
INFO: [VRFC 10-311] analyzing module glbl
INFO: [USF-XSim-69] 'compile' step finished in '1' seconds
INFO: [USF-XSim-3] XSim::Elaborate design
INFO: [USF-XSim-61] Executing 'ELABORATE' step in 'D:/学习/高计体实验/RiscV-Pipeline-BranchPrediction-DynamicScheduling-CPU/cpu/cpu.sim/sim_1/behav/xsim'
Vivado Simulator 2018.1
Copyright 1986-1999, 2001-2017 Xilinx, Inc. All Rights Reserved.
Running: D:/Software/Vivado/Vivado/2018.1/bin/unwrapped/win64.o/xelab.exe -wto 6f97d87b503144ff8fc6da724d9f4ed0 --incr --debug typical --relax --mt 2 -L xil_defaultlib -L unisims_ver -L unimacro_ver -L secureip --snapshot ReadIns_behav xil_defaultlib.ReadIns xil_defaultlib.glbl -log elaborate.log 
Using 2 slave threads.
Starting static elaboration
Completed static elaboration
Starting simulation data flow analysis
Completed simulation data flow analysis
Time Resolution for simulation is 1ps
Compiling module xil_defaultlib.ReadIns
Compiling module xil_defaultlib.glbl
Built simulation snapshot ReadIns_behav

****** Webtalk v2018.1 (64-bit)
  **** SW Build 2188600 on Wed Apr  4 18:40:38 MDT 2018
  **** IP Build 2185939 on Wed Apr  4 20:55:05 MDT 2018
    ** Copyright 1986-2018 Xilinx, Inc. All Rights Reserved.

source D:/学习/高计体实验/RiscV-Pipeline-BranchPrediction-DynamicScheduling-CPU/cpu/cpu.sim/sim_1/behav/xsim/xsim.dir/ReadIns_behav/webtalk/xsim_webtalk.tcl -notrace
INFO: [Common 17-206] Exiting Webtalk at Tue Jun 23 14:52:56 2020...
run_program: Time (s): cpu = 00:00:00 ; elapsed = 00:00:05 . Memory (MB): peak = 940.109 ; gain = 0.000
INFO: [USF-XSim-69] 'elaborate' step finished in '5' seconds
INFO: [USF-XSim-4] XSim::Simulate design
INFO: [USF-XSim-61] Executing 'SIMULATE' step in 'D:/学习/高计体实验/RiscV-Pipeline-BranchPrediction-DynamicScheduling-CPU/cpu/cpu.sim/sim_1/behav/xsim'
INFO: [USF-XSim-98] *** Running xsim
   with args "ReadIns_behav -key {Behavioral:sim_1:Functional:ReadIns} -tclbatch {ReadIns.tcl} -log {simulate.log}"
INFO: [USF-XSim-8] Loading simulator feature
Vivado Simulator 2018.1
Time resolution is 1 ps
source ReadIns.tcl
# set curr_wave [current_wave_config]
# if { [string length $curr_wave] == 0 } {
#   if { [llength [get_objects]] > 0} {
#     add_wave /
#     set_property needs_save false [current_wave_config]
#   } else {
#      send_msg_id Add_Wave-1 WARNING "No top level signals found. Simulator will start without a wave window. If you want to open a wave window go to 'File->New Waveform Configuration' or type 'create_wave_config' in the TCL console."
#   }
# }
# run 1000ns
INFO: [USF-XSim-96] XSim completed. Design snapshot 'ReadIns_behav' loaded.
INFO: [USF-XSim-97] XSim simulation ran for 1000ns
launch_simulation: Time (s): cpu = 00:00:06 ; elapsed = 00:00:13 . Memory (MB): peak = 948.133 ; gain = 8.023
WARNING: [filemgmt 56-199] Attempt to get parsing info during refresh. "On-the-fly" syntax checking information may be incorrect. [D:/学习/高计体实验/RiscV-Pipeline-BranchPrediction-DynamicScheduling-CPU/cpu/cpu.srcs/sources_1/new/readIns.v:]
WARNING: [filemgmt 56-199] Attempt to get parsing info during refresh. "On-the-fly" syntax checking information may be incorrect. [D:/学习/高计体实验/RiscV-Pipeline-BranchPrediction-DynamicScheduling-CPU/cpu/cpu.srcs/sources_1/new/ReadIns.v:]
ERROR: [Common 17-180] Spawn failed: Illegal byte sequence
WARNING: [filemgmt 56-199] Attempt to get parsing info during refresh. "On-the-fly" syntax checking information may be incorrect. [D:/学习/高计体实验/RiscV-Pipeline-BranchPrediction-DynamicScheduling-CPU/cpu/cpu.srcs/sources_1/new/readIns.v:]
WARNING: [filemgmt 56-199] Attempt to get parsing info during refresh. "On-the-fly" syntax checking information may be incorrect. [D:/学习/高计体实验/RiscV-Pipeline-BranchPrediction-DynamicScheduling-CPU/cpu/cpu.srcs/sources_1/new/ReadIns.v:]
ERROR: [Common 17-180] Spawn failed: Illegal byte sequence
WARNING: [filemgmt 56-199] Attempt to get parsing info during refresh. "On-the-fly" syntax checking information may be incorrect. [D:/学习/高计体实验/RiscV-Pipeline-BranchPrediction-DynamicScheduling-CPU/cpu/cpu.srcs/sources_1/new/readIns.v:]
WARNING: [filemgmt 56-199] Attempt to get parsing info during refresh. "On-the-fly" syntax checking information may be incorrect. [D:/学习/高计体实验/RiscV-Pipeline-BranchPrediction-DynamicScheduling-CPU/cpu/cpu.srcs/sources_1/new/ReadIns.v:]
ERROR: [Common 17-180] Spawn failed: Illegal byte sequence
WARNING: [filemgmt 56-199] Attempt to get parsing info during refresh. "On-the-fly" syntax checking information may be incorrect. [D:/学习/高计体实验/RiscV-Pipeline-BranchPrediction-DynamicScheduling-CPU/cpu/cpu.srcs/sources_1/new/readIns.v:]
WARNING: [filemgmt 56-199] Attempt to get parsing info during refresh. "On-the-fly" syntax checking information may be incorrect. [D:/学习/高计体实验/RiscV-Pipeline-BranchPrediction-DynamicScheduling-CPU/cpu/cpu.srcs/sources_1/new/ReadIns.v:]
ERROR: [Common 17-180] Spawn failed: Illegal byte sequence
WARNING: [filemgmt 56-199] Attempt to get parsing info during refresh. "On-the-fly" syntax checking information may be incorrect. [D:/学习/高计体实验/RiscV-Pipeline-BranchPrediction-DynamicScheduling-CPU/cpu/cpu.srcs/sources_1/new/readIns.v:]
WARNING: [filemgmt 56-199] Attempt to get parsing info during refresh. "On-the-fly" syntax checking information may be incorrect. [D:/学习/高计体实验/RiscV-Pipeline-BranchPrediction-DynamicScheduling-CPU/cpu/cpu.srcs/sources_1/new/ReadIns.v:]
ERROR: [Common 17-180] Spawn failed: Illegal byte sequence
WARNING: [filemgmt 56-199] Attempt to get parsing info during refresh. "On-the-fly" syntax checking information may be incorrect. [D:/学习/高计体实验/RiscV-Pipeline-BranchPrediction-DynamicScheduling-CPU/cpu/cpu.srcs/sources_1/new/readIns.v:]
WARNING: [filemgmt 56-199] Attempt to get parsing info during refresh. "On-the-fly" syntax checking information may be incorrect. [D:/学习/高计体实验/RiscV-Pipeline-BranchPrediction-DynamicScheduling-CPU/cpu/cpu.srcs/sources_1/new/ReadIns.v:]
ERROR: [Common 17-180] Spawn failed: Illegal byte sequence
WARNING: [filemgmt 56-199] Attempt to get parsing info during refresh. "On-the-fly" syntax checking information may be incorrect. [D:/学习/高计体实验/RiscV-Pipeline-BranchPrediction-DynamicScheduling-CPU/cpu/cpu.srcs/sources_1/new/readIns.v:]
WARNING: [filemgmt 56-199] Attempt to get parsing info during refresh. "On-the-fly" syntax checking information may be incorrect. [D:/学习/高计体实验/RiscV-Pipeline-BranchPrediction-DynamicScheduling-CPU/cpu/cpu.srcs/sources_1/new/ReadIns.v:]
ERROR: [Common 17-180] Spawn failed: Illegal byte sequence
WARNING: [filemgmt 56-199] Attempt to get parsing info during refresh. "On-the-fly" syntax checking information may be incorrect. [D:/学习/高计体实验/RiscV-Pipeline-BranchPrediction-DynamicScheduling-CPU/cpu/cpu.srcs/sources_1/new/readIns.v:]
WARNING: [filemgmt 56-199] Attempt to get parsing info during refresh. "On-the-fly" syntax checking information may be incorrect. [D:/学习/高计体实验/RiscV-Pipeline-BranchPrediction-DynamicScheduling-CPU/cpu/cpu.srcs/sources_1/new/ReadIns.v:]
ERROR: [Common 17-180] Spawn failed: Illegal byte sequence
WARNING: [filemgmt 56-199] Attempt to get parsing info during refresh. "On-the-fly" syntax checking information may be incorrect. [D:/学习/高计体实验/RiscV-Pipeline-BranchPrediction-DynamicScheduling-CPU/cpu/cpu.srcs/sources_1/new/readIns.v:]
WARNING: [filemgmt 56-199] Attempt to get parsing info during refresh. "On-the-fly" syntax checking information may be incorrect. [D:/学习/高计体实验/RiscV-Pipeline-BranchPrediction-DynamicScheduling-CPU/cpu/cpu.srcs/sources_1/new/ReadIns.v:]
ERROR: [Common 17-180] Spawn failed: Illegal byte sequence
WARNING: [filemgmt 56-199] Attempt to get parsing info during refresh. "On-the-fly" syntax checking information may be incorrect. [D:/学习/高计体实验/RiscV-Pipeline-BranchPrediction-DynamicScheduling-CPU/cpu/cpu.srcs/sources_1/new/readIns.v:]
WARNING: [filemgmt 56-199] Attempt to get parsing info during refresh. "On-the-fly" syntax checking information may be incorrect. [D:/学习/高计体实验/RiscV-Pipeline-BranchPrediction-DynamicScheduling-CPU/cpu/cpu.srcs/sources_1/new/ReadIns.v:]
WARNING: [filemgmt 56-199] Attempt to get parsing info during refresh. "On-the-fly" syntax checking information may be incorrect. [D:/学习/高计体实验/RiscV-Pipeline-BranchPrediction-DynamicScheduling-CPU/cpu/cpu.srcs/sources_1/new/readIns.v:]
WARNING: [filemgmt 56-199] Attempt to get parsing info during refresh. "On-the-fly" syntax checking information may be incorrect. [D:/学习/高计体实验/RiscV-Pipeline-BranchPrediction-DynamicScheduling-CPU/cpu/cpu.srcs/sources_1/new/ReadIns.v:]
ERROR: [Common 17-180] Spawn failed: Illegal byte sequence
WARNING: [filemgmt 56-199] Attempt to get parsing info during refresh. "On-the-fly" syntax checking information may be incorrect. [D:/学习/高计体实验/RiscV-Pipeline-BranchPrediction-DynamicScheduling-CPU/cpu/cpu.srcs/sources_1/new/readIns.v:]
WARNING: [filemgmt 56-199] Attempt to get parsing info during refresh. "On-the-fly" syntax checking information may be incorrect. [D:/学习/高计体实验/RiscV-Pipeline-BranchPrediction-DynamicScheduling-CPU/cpu/cpu.srcs/sources_1/new/ReadIns.v:]
ERROR: [Common 17-180] Spawn failed: Illegal byte sequence
WARNING: [filemgmt 56-199] Attempt to get parsing info during refresh. "On-the-fly" syntax checking information may be incorrect. [D:/学习/高计体实验/RiscV-Pipeline-BranchPrediction-DynamicScheduling-CPU/cpu/cpu.srcs/sources_1/new/readIns.v:]
WARNING: [filemgmt 56-199] Attempt to get parsing info during refresh. "On-the-fly" syntax checking information may be incorrect. [D:/学习/高计体实验/RiscV-Pipeline-BranchPrediction-DynamicScheduling-CPU/cpu/cpu.srcs/sources_1/new/ReadIns.v:]
ERROR: [Common 17-180] Spawn failed: Illegal byte sequence
WARNING: [filemgmt 56-199] Attempt to get parsing info during refresh. "On-the-fly" syntax checking information may be incorrect. [D:/学习/高计体实验/RiscV-Pipeline-BranchPrediction-DynamicScheduling-CPU/cpu/cpu.srcs/sources_1/new/readIns.v:]
WARNING: [filemgmt 56-199] Attempt to get parsing info during refresh. "On-the-fly" syntax checking information may be incorrect. [D:/学习/高计体实验/RiscV-Pipeline-BranchPrediction-DynamicScheduling-CPU/cpu/cpu.srcs/sources_1/new/ReadIns.v:]
ERROR: [Common 17-180] Spawn failed: Illegal byte sequence
WARNING: [filemgmt 56-199] Attempt to get parsing info during refresh. "On-the-fly" syntax checking information may be incorrect. [D:/学习/高计体实验/RiscV-Pipeline-BranchPrediction-DynamicScheduling-CPU/cpu/cpu.srcs/sources_1/new/readIns.v:]
WARNING: [filemgmt 56-199] Attempt to get parsing info during refresh. "On-the-fly" syntax checking information may be incorrect. [D:/学习/高计体实验/RiscV-Pipeline-BranchPrediction-DynamicScheduling-CPU/cpu/cpu.srcs/sources_1/new/ReadIns.v:]
ERROR: [Common 17-180] Spawn failed: Illegal byte sequence
WARNING: [filemgmt 56-199] Attempt to get parsing info during refresh. "On-the-fly" syntax checking information may be incorrect. [D:/学习/高计体实验/RiscV-Pipeline-BranchPrediction-DynamicScheduling-CPU/cpu/cpu.srcs/sources_1/new/readIns.v:]
WARNING: [filemgmt 56-199] Attempt to get parsing info during refresh. "On-the-fly" syntax checking information may be incorrect. [D:/学习/高计体实验/RiscV-Pipeline-BranchPrediction-DynamicScheduling-CPU/cpu/cpu.srcs/sources_1/new/ReadIns.v:]
ERROR: [Common 17-180] Spawn failed: Illegal byte sequence
WARNING: [filemgmt 56-199] Attempt to get parsing info during refresh. "On-the-fly" syntax checking information may be incorrect. [D:/学习/高计体实验/RiscV-Pipeline-BranchPrediction-DynamicScheduling-CPU/cpu/cpu.srcs/sources_1/new/readIns.v:]
WARNING: [filemgmt 56-199] Attempt to get parsing info during refresh. "On-the-fly" syntax checking information may be incorrect. [D:/学习/高计体实验/RiscV-Pipeline-BranchPrediction-DynamicScheduling-CPU/cpu/cpu.srcs/sources_1/new/ReadIns.v:]
WARNING: [filemgmt 56-199] Attempt to get parsing info during refresh. "On-the-fly" syntax checking information may be incorrect. [D:/学习/高计体实验/RiscV-Pipeline-BranchPrediction-DynamicScheduling-CPU/cpu/cpu.srcs/sources_1/new/readIns.v:]
WARNING: [filemgmt 56-199] Attempt to get parsing info during refresh. "On-the-fly" syntax checking information may be incorrect. [D:/学习/高计体实验/RiscV-Pipeline-BranchPrediction-DynamicScheduling-CPU/cpu/cpu.srcs/sources_1/new/ReadIns.v:]
ERROR: [Common 17-180] Spawn failed: Illegal byte sequence
WARNING: [filemgmt 56-199] Attempt to get parsing info during refresh. "On-the-fly" syntax checking information may be incorrect. [D:/学习/高计体实验/RiscV-Pipeline-BranchPrediction-DynamicScheduling-CPU/cpu/cpu.srcs/sources_1/new/readIns.v:]
WARNING: [filemgmt 56-199] Attempt to get parsing info during refresh. "On-the-fly" syntax checking information may be incorrect. [D:/学习/高计体实验/RiscV-Pipeline-BranchPrediction-DynamicScheduling-CPU/cpu/cpu.srcs/sources_1/new/ReadIns.v:]
ERROR: [Common 17-180] Spawn failed: Illegal byte sequence
WARNING: [filemgmt 56-199] Attempt to get parsing info during refresh. "On-the-fly" syntax checking information may be incorrect. [D:/学习/高计体实验/RiscV-Pipeline-BranchPrediction-DynamicScheduling-CPU/cpu/cpu.srcs/sources_1/new/readIns.v:]
WARNING: [filemgmt 56-199] Attempt to get parsing info during refresh. "On-the-fly" syntax checking information may be incorrect. [D:/学习/高计体实验/RiscV-Pipeline-BranchPrediction-DynamicScheduling-CPU/cpu/cpu.srcs/sources_1/new/ReadIns.v:]
ERROR: [Common 17-180] Spawn failed: Illegal byte sequence
WARNING: [filemgmt 56-199] Attempt to get parsing info during refresh. "On-the-fly" syntax checking information may be incorrect. [D:/学习/高计体实验/RiscV-Pipeline-BranchPrediction-DynamicScheduling-CPU/cpu/cpu.srcs/sources_1/new/readIns.v:]
WARNING: [filemgmt 56-199] Attempt to get parsing info during refresh. "On-the-fly" syntax checking information may be incorrect. [D:/学习/高计体实验/RiscV-Pipeline-BranchPrediction-DynamicScheduling-CPU/cpu/cpu.srcs/sources_1/new/ReadIns.v:]
ERROR: [Common 17-180] Spawn failed: Illegal byte sequence
WARNING: [filemgmt 56-199] Attempt to get parsing info during refresh. "On-the-fly" syntax checking information may be incorrect. [D:/学习/高计体实验/RiscV-Pipeline-BranchPrediction-DynamicScheduling-CPU/cpu/cpu.srcs/sources_1/new/readIns.v:]
WARNING: [filemgmt 56-199] Attempt to get parsing info during refresh. "On-the-fly" syntax checking information may be incorrect. [D:/学习/高计体实验/RiscV-Pipeline-BranchPrediction-DynamicScheduling-CPU/cpu/cpu.srcs/sources_1/new/ReadIns.v:]
ERROR: [Common 17-180] Spawn failed: Illegal byte sequence
WARNING: [filemgmt 56-199] Attempt to get parsing info during refresh. "On-the-fly" syntax checking information may be incorrect. [D:/学习/高计体实验/RiscV-Pipeline-BranchPrediction-DynamicScheduling-CPU/cpu/cpu.srcs/sources_1/new/readIns.v:]
WARNING: [filemgmt 56-199] Attempt to get parsing info during refresh. "On-the-fly" syntax checking information may be incorrect. [D:/学习/高计体实验/RiscV-Pipeline-BranchPrediction-DynamicScheduling-CPU/cpu/cpu.srcs/sources_1/new/ReadIns.v:]
ERROR: [Common 17-180] Spawn failed: Illegal byte sequence
WARNING: [filemgmt 56-199] Attempt to get parsing info during refresh. "On-the-fly" syntax checking information may be incorrect. [D:/学习/高计体实验/RiscV-Pipeline-BranchPrediction-DynamicScheduling-CPU/cpu/cpu.srcs/sources_1/new/readIns.v:]
WARNING: [filemgmt 56-199] Attempt to get parsing info during refresh. "On-the-fly" syntax checking information may be incorrect. [D:/学习/高计体实验/RiscV-Pipeline-BranchPrediction-DynamicScheduling-CPU/cpu/cpu.srcs/sources_1/new/ReadIns.v:]
ERROR: [Common 17-180] Spawn failed: Illegal byte sequence
WARNING: [filemgmt 56-199] Attempt to get parsing info during refresh. "On-the-fly" syntax checking information may be incorrect. [D:/学习/高计体实验/RiscV-Pipeline-BranchPrediction-DynamicScheduling-CPU/cpu/cpu.srcs/sources_1/new/readIns.v:]
WARNING: [filemgmt 56-199] Attempt to get parsing info during refresh. "On-the-fly" syntax checking information may be incorrect. [D:/学习/高计体实验/RiscV-Pipeline-BranchPrediction-DynamicScheduling-CPU/cpu/cpu.srcs/sources_1/new/ReadIns.v:]
ERROR: [Common 17-180] Spawn failed: Illegal byte sequence
WARNING: [filemgmt 56-199] Attempt to get parsing info during refresh. "On-the-fly" syntax checking information may be incorrect. [D:/学习/高计体实验/RiscV-Pipeline-BranchPrediction-DynamicScheduling-CPU/cpu/cpu.srcs/sources_1/new/readIns.v:]
WARNING: [filemgmt 56-199] Attempt to get parsing info during refresh. "On-the-fly" syntax checking information may be incorrect. [D:/学习/高计体实验/RiscV-Pipeline-BranchPrediction-DynamicScheduling-CPU/cpu/cpu.srcs/sources_1/new/ReadIns.v:]
ERROR: [Common 17-180] Spawn failed: Illegal byte sequence
WARNING: [filemgmt 56-199] Attempt to get parsing info during refresh. "On-the-fly" syntax checking information may be incorrect. [D:/学习/高计体实验/RiscV-Pipeline-BranchPrediction-DynamicScheduling-CPU/cpu/cpu.srcs/sources_1/new/readIns.v:]
WARNING: [filemgmt 56-199] Attempt to get parsing info during refresh. "On-the-fly" syntax checking information may be incorrect. [D:/学习/高计体实验/RiscV-Pipeline-BranchPrediction-DynamicScheduling-CPU/cpu/cpu.srcs/sources_1/new/ReadIns.v:]
WARNING: [filemgmt 56-199] Attempt to get parsing info during refresh. "On-the-fly" syntax checking information may be incorrect. [D:/学习/高计体实验/RiscV-Pipeline-BranchPrediction-DynamicScheduling-CPU/cpu/cpu.srcs/sources_1/new/readIns.v:]
WARNING: [filemgmt 56-199] Attempt to get parsing info during refresh. "On-the-fly" syntax checking information may be incorrect. [D:/学习/高计体实验/RiscV-Pipeline-BranchPrediction-DynamicScheduling-CPU/cpu/cpu.srcs/sources_1/new/ReadIns.v:]
ERROR: [Common 17-180] Spawn failed: Illegal byte sequence
WARNING: [filemgmt 56-199] Attempt to get parsing info during refresh. "On-the-fly" syntax checking information may be incorrect. [D:/学习/高计体实验/RiscV-Pipeline-BranchPrediction-DynamicScheduling-CPU/cpu/cpu.srcs/sources_1/new/readIns.v:]
WARNING: [filemgmt 56-199] Attempt to get parsing info during refresh. "On-the-fly" syntax checking information may be incorrect. [D:/学习/高计体实验/RiscV-Pipeline-BranchPrediction-DynamicScheduling-CPU/cpu/cpu.srcs/sources_1/new/ReadIns.v:]
ERROR: [Common 17-180] Spawn failed: Illegal byte sequence
WARNING: [filemgmt 56-199] Attempt to get parsing info during refresh. "On-the-fly" syntax checking information may be incorrect. [D:/学习/高计体实验/RiscV-Pipeline-BranchPrediction-DynamicScheduling-CPU/cpu/cpu.srcs/sources_1/new/readIns.v:]
WARNING: [filemgmt 56-199] Attempt to get parsing info during refresh. "On-the-fly" syntax checking information may be incorrect. [D:/学习/高计体实验/RiscV-Pipeline-BranchPrediction-DynamicScheduling-CPU/cpu/cpu.srcs/sources_1/new/ReadIns.v:]
ERROR: [Common 17-180] Spawn failed: Illegal byte sequence
WARNING: [filemgmt 56-199] Attempt to get parsing info during refresh. "On-the-fly" syntax checking information may be incorrect. [D:/学习/高计体实验/RiscV-Pipeline-BranchPrediction-DynamicScheduling-CPU/cpu/cpu.srcs/sources_1/new/readIns.v:]
WARNING: [filemgmt 56-199] Attempt to get parsing info during refresh. "On-the-fly" syntax checking information may be incorrect. [D:/学习/高计体实验/RiscV-Pipeline-BranchPrediction-DynamicScheduling-CPU/cpu/cpu.srcs/sources_1/new/ReadIns.v:]
ERROR: [Common 17-180] Spawn failed: Illegal byte sequence
WARNING: [filemgmt 56-199] Attempt to get parsing info during refresh. "On-the-fly" syntax checking information may be incorrect. [D:/学习/高计体实验/RiscV-Pipeline-BranchPrediction-DynamicScheduling-CPU/cpu/cpu.srcs/sources_1/new/readIns.v:]
WARNING: [filemgmt 56-199] Attempt to get parsing info during refresh. "On-the-fly" syntax checking information may be incorrect. [D:/学习/高计体实验/RiscV-Pipeline-BranchPrediction-DynamicScheduling-CPU/cpu/cpu.srcs/sources_1/new/ReadIns.v:]
ERROR: [Common 17-180] Spawn failed: Illegal byte sequence
WARNING: [filemgmt 56-199] Attempt to get parsing info during refresh. "On-the-fly" syntax checking information may be incorrect. [D:/学习/高计体实验/RiscV-Pipeline-BranchPrediction-DynamicScheduling-CPU/cpu/cpu.srcs/sources_1/new/readIns.v:]
WARNING: [filemgmt 56-199] Attempt to get parsing info during refresh. "On-the-fly" syntax checking information may be incorrect. [D:/学习/高计体实验/RiscV-Pipeline-BranchPrediction-DynamicScheduling-CPU/cpu/cpu.srcs/sources_1/new/ReadIns.v:]
WARNING: [filemgmt 56-199] Attempt to get parsing info during refresh. "On-the-fly" syntax checking information may be incorrect. [D:/学习/高计体实验/RiscV-Pipeline-BranchPrediction-DynamicScheduling-CPU/cpu/cpu.srcs/sources_1/new/readIns.v:]
WARNING: [filemgmt 56-199] Attempt to get parsing info during refresh. "On-the-fly" syntax checking information may be incorrect. [D:/学习/高计体实验/RiscV-Pipeline-BranchPrediction-DynamicScheduling-CPU/cpu/cpu.srcs/sources_1/new/ReadIns.v:]
ERROR: [Common 17-180] Spawn failed: Illegal byte sequence
WARNING: [filemgmt 56-199] Attempt to get parsing info during refresh. "On-the-fly" syntax checking information may be incorrect. [D:/学习/高计体实验/RiscV-Pipeline-BranchPrediction-DynamicScheduling-CPU/cpu/cpu.srcs/sources_1/new/readIns.v:]
WARNING: [filemgmt 56-199] Attempt to get parsing info during refresh. "On-the-fly" syntax checking information may be incorrect. [D:/学习/高计体实验/RiscV-Pipeline-BranchPrediction-DynamicScheduling-CPU/cpu/cpu.srcs/sources_1/new/ReadIns.v:]
ERROR: [Common 17-180] Spawn failed: Illegal byte sequence
WARNING: [filemgmt 56-199] Attempt to get parsing info during refresh. "On-the-fly" syntax checking information may be incorrect. [D:/学习/高计体实验/RiscV-Pipeline-BranchPrediction-DynamicScheduling-CPU/cpu/cpu.srcs/sources_1/new/readIns.v:]
WARNING: [filemgmt 56-199] Attempt to get parsing info during refresh. "On-the-fly" syntax checking information may be incorrect. [D:/学习/高计体实验/RiscV-Pipeline-BranchPrediction-DynamicScheduling-CPU/cpu/cpu.srcs/sources_1/new/ReadIns.v:]
ERROR: [Common 17-180] Spawn failed: Illegal byte sequence
WARNING: [filemgmt 56-199] Attempt to get parsing info during refresh. "On-the-fly" syntax checking information may be incorrect. [D:/学习/高计体实验/RiscV-Pipeline-BranchPrediction-DynamicScheduling-CPU/cpu/cpu.srcs/sources_1/new/readIns.v:]
WARNING: [filemgmt 56-199] Attempt to get parsing info during refresh. "On-the-fly" syntax checking information may be incorrect. [D:/学习/高计体实验/RiscV-Pipeline-BranchPrediction-DynamicScheduling-CPU/cpu/cpu.srcs/sources_1/new/ReadIns.v:]
ERROR: [Common 17-180] Spawn failed: Illegal byte sequence
WARNING: [filemgmt 56-199] Attempt to get parsing info during refresh. "On-the-fly" syntax checking information may be incorrect. [D:/学习/高计体实验/RiscV-Pipeline-BranchPrediction-DynamicScheduling-CPU/cpu/cpu.srcs/sources_1/new/readIns.v:]
WARNING: [filemgmt 56-199] Attempt to get parsing info during refresh. "On-the-fly" syntax checking information may be incorrect. [D:/学习/高计体实验/RiscV-Pipeline-BranchPrediction-DynamicScheduling-CPU/cpu/cpu.srcs/sources_1/new/ReadIns.v:]
ERROR: [Common 17-180] Spawn failed: Illegal byte sequence
WARNING: [filemgmt 56-199] Attempt to get parsing info during refresh. "On-the-fly" syntax checking information may be incorrect. [D:/学习/高计体实验/RiscV-Pipeline-BranchPrediction-DynamicScheduling-CPU/cpu/cpu.srcs/sources_1/new/readIns.v:]
WARNING: [filemgmt 56-199] Attempt to get parsing info during refresh. "On-the-fly" syntax checking information may be incorrect. [D:/学习/高计体实验/RiscV-Pipeline-BranchPrediction-DynamicScheduling-CPU/cpu/cpu.srcs/sources_1/new/ReadIns.v:]
ERROR: [Common 17-180] Spawn failed: Illegal byte sequence
WARNING: [filemgmt 56-199] Attempt to get parsing info during refresh. "On-the-fly" syntax checking information may be incorrect. [D:/学习/高计体实验/RiscV-Pipeline-BranchPrediction-DynamicScheduling-CPU/cpu/cpu.srcs/sources_1/new/readIns.v:]
WARNING: [filemgmt 56-199] Attempt to get parsing info during refresh. "On-the-fly" syntax checking information may be incorrect. [D:/学习/高计体实验/RiscV-Pipeline-BranchPrediction-DynamicScheduling-CPU/cpu/cpu.srcs/sources_1/new/ReadIns.v:]
ERROR: [Common 17-180] Spawn failed: Illegal byte sequence
WARNING: [filemgmt 56-199] Attempt to get parsing info during refresh. "On-the-fly" syntax checking information may be incorrect. [D:/学习/高计体实验/RiscV-Pipeline-BranchPrediction-DynamicScheduling-CPU/cpu/cpu.srcs/sources_1/new/readIns.v:]
WARNING: [filemgmt 56-199] Attempt to get parsing info during refresh. "On-the-fly" syntax checking information may be incorrect. [D:/学习/高计体实验/RiscV-Pipeline-BranchPrediction-DynamicScheduling-CPU/cpu/cpu.srcs/sources_1/new/ReadIns.v:]
ERROR: [Common 17-180] Spawn failed: Illegal byte sequence
WARNING: [filemgmt 56-199] Attempt to get parsing info during refresh. "On-the-fly" syntax checking information may be incorrect. [D:/学习/高计体实验/RiscV-Pipeline-BranchPrediction-DynamicScheduling-CPU/cpu/cpu.srcs/sources_1/new/readIns.v:]
WARNING: [filemgmt 56-199] Attempt to get parsing info during refresh. "On-the-fly" syntax checking information may be incorrect. [D:/学习/高计体实验/RiscV-Pipeline-BranchPrediction-DynamicScheduling-CPU/cpu/cpu.srcs/sources_1/new/ReadIns.v:]
ERROR: [Common 17-180] Spawn failed: Illegal byte sequence
close_sim
INFO: [Simtcl 6-16] Simulation closed
close_sim: Time (s): cpu = 00:00:01 ; elapsed = 00:00:05 . Memory (MB): peak = 977.199 ; gain = 0.000
exit
INFO: [Common 17-206] Exiting Vivado at Tue Jun 23 15:03:39 2020...
